<?xml version="1.0" encoding="UTF-8"?>
<!-- Generated by org.testng.reporters.JUnitXMLReporter -->
<testsuite ignored="0" hostname="DESKTOP-CG8OTR4" failures="0" tests="4" name="Test" time="0.635" errors="0" timestamp="2024-08-03T22:24:53 IST">
  <testcase classname="DataReader.ExcelReader" name="dataReader" time="0.562"/>
  <testcase classname="DataReader.ExcelReader2" name="dataReader2" time="0.033"/>
  <testcase classname="DataReader.Sample" name="Demo1" time="0.002"/>
  <testcase classname="DataReader.Sample" name="Demo2" time="0.001"/>
</testsuite> <!-- Test -->
