<?xml version="1.0" encoding="UTF-8"?>
<testng-results ignored="0" total="4" passed="4" failed="0" skipped="0">
  <reporter-output>
  </reporter-output>
  <suite started-at="2024-08-03T22:24:53 IST" name="Suite" finished-at="2024-08-03T22:24:53 IST" duration-ms="635">
    <groups>
    </groups>
    <test started-at="2024-08-03T22:24:53 IST" name="Test" finished-at="2024-08-03T22:24:53 IST" duration-ms="635">
      <class name="DataReader.ExcelReader2">
        <test-method signature="dataReader2()[pri:0, instance:DataReader.ExcelReader2@31c88ec8]" started-at="2024-08-03T22:24:53 IST" name="dataReader2" finished-at="2024-08-03T22:24:53 IST" duration-ms="33" status="PASS">
          <reporter-output>
          </reporter-output>
        </test-method> <!-- dataReader2 -->
      </class> <!-- DataReader.ExcelReader2 -->
      <class name="DataReader.Sample">
        <test-method signature="Demo1()[pri:0, instance:DataReader.Sample@1cbbffcd]" started-at="2024-08-03T22:24:53 IST" name="Demo1" finished-at="2024-08-03T22:24:53 IST" duration-ms="2" status="PASS">
          <reporter-output>
          </reporter-output>
        </test-method> <!-- Demo1 -->
        <test-method signature="Demo2()[pri:0, instance:DataReader.Sample@1cbbffcd]" started-at="2024-08-03T22:24:53 IST" name="Demo2" finished-at="2024-08-03T22:24:53 IST" duration-ms="1" status="PASS">
          <reporter-output>
          </reporter-output>
        </test-method> <!-- Demo2 -->
      </class> <!-- DataReader.Sample -->
      <class name="DataReader.ExcelReader">
        <test-method signature="dataReader()[pri:0, instance:DataReader.ExcelReader@7a69b07]" started-at="2024-08-03T22:24:53 IST" name="dataReader" finished-at="2024-08-03T22:24:53 IST" duration-ms="562" status="PASS">
          <reporter-output>
          </reporter-output>
        </test-method> <!-- dataReader -->
      </class> <!-- DataReader.ExcelReader -->
    </test> <!-- Test -->
  </suite> <!-- Suite -->
</testng-results>
